\BOOKMARK [1][-]{Abstract.1}{Abstract}{}% 1
\BOOKMARK [1][-]{acknowledgments.1}{Acknowledgments}{}% 2
\BOOKMARK [1][-]{tableofcontents.1}{Content}{}% 3
\BOOKMARK [1][-]{lof.1}{List of Figures}{}% 4
\BOOKMARK [1][-]{lot.1}{List of Tables}{}% 5
\BOOKMARK [0][]{chapter.1}{1 \040Theoretical framework }{}% 6
\BOOKMARK [1][-]{section.1.1}{1.1 Introduction}{chapter.1}% 7
\BOOKMARK [1][-]{section.1.2}{1.2 The Gaia mission}{chapter.1}% 8
\BOOKMARK [1][-]{section.1.3}{1.3 SuperWASP \(Wide Angle Search for Planets\)}{chapter.1}% 9
\BOOKMARK [1][-]{section.1.4}{1.4 Sco OB2 \(ScoCen\)}{chapter.1}% 10
\BOOKMARK [1][-]{section.1.5}{1.5 Exoplanetary Rings: the particular case of J1407}{chapter.1}% 11
\BOOKMARK [0][]{chapter.2}{2 Model and Samples}{}% 12
\BOOKMARK [1][-]{section.2.1}{2.1 Introduction}{chapter.2}% 13
\BOOKMARK [1][-]{section.2.2}{2.2 Power Law Distributions}{chapter.2}% 14
\BOOKMARK [1][-]{section.2.3}{2.3 Exoplanets: Period-Mass Distributions}{chapter.2}% 15
\BOOKMARK [2][-]{subsection.2.3.1}{2.3.1 Distribution}{section.2.3}% 16
\BOOKMARK [2][-]{subsection.2.3.2}{2.3.2 Single Power-Law}{section.2.3}% 17
\BOOKMARK [1][-]{section.2.4}{2.4 Stellar Mass Distribution}{chapter.2}% 18
\BOOKMARK [2][-]{subsection.2.4.1}{2.4.1 Salpeter Power-Law}{section.2.4}% 19
\BOOKMARK [2][-]{subsection.2.4.2}{2.4.2 Kroupa Power-Law}{section.2.4}% 20
\BOOKMARK [1][-]{section.2.5}{2.5 Probability of Transit Detection}{chapter.2}% 21
\BOOKMARK [2][-]{subsection.2.5.1}{2.5.1 Geometry of the Transit}{section.2.5}% 22
\BOOKMARK [2][-]{subsection.2.5.2}{2.5.2 Rings Lifetime}{section.2.5}% 23
\BOOKMARK [1][-]{section.2.6}{2.6 Monte-Carlo simulations}{chapter.2}% 24
\BOOKMARK [1][-]{section.2.7}{2.7 Detection Probability: Monte-Carlo vs Analytic Form}{chapter.2}% 25
\BOOKMARK [0][]{chapter.3}{3 Gaia and SuperWASP sample data}{}% 26
\BOOKMARK [1][-]{section.3.1}{3.1 Introduction}{chapter.3}% 27
\BOOKMARK [1][-]{section.3.2}{3.2 Gaia Samples}{chapter.3}% 28
\BOOKMARK [1][-]{section.3.3}{3.3 Stellar Evolution Models}{chapter.3}% 29
\BOOKMARK [1][-]{section.3.4}{3.4 Gaia-DR2 Analysis}{chapter.3}% 30
\BOOKMARK [1][-]{section.3.5}{3.5 ScoCen Light Curves}{chapter.3}% 31
\BOOKMARK [1][-]{section.3.6}{3.6 ScoCen Pre-Main Sequence Population}{chapter.3}% 32
\BOOKMARK [0][]{chapter.4}{4 Conclusions and Discussion }{}% 33
\BOOKMARK [1][-]{section.4.1}{4.1 Introduction}{chapter.4}% 34
\BOOKMARK [1][-]{section.4.2}{4.2 Results and Discussion}{chapter.4}% 35
\BOOKMARK [0][]{dummy.4}{Bibliography}{}% 36
\BOOKMARK [0][]{chapter.5}{5 \040Appendix }{}% 37
\BOOKMARK [1][-]{section.5.1}{5.1 SQL-queries}{chapter.5}% 38
\BOOKMARK [1][-]{section.5.2}{5.2 Sample selection}{chapter.5}% 39
