This is pdfTeX, Version 3.1415926-2.5-1.40.14 (TeX Live 2013/Debian) (format=pdflatex 2015.6.17)  4 MAY 2017 00:20
entering extended mode
 restricted \write18 enabled.
 %&-line parsing enabled.
**Chapter04.tex
(./Chapter04.tex
LaTeX2e <2011/06/27>
Babel <3.9h> and hyphenation patterns for 78 languages loaded.
! Undefined control sequence.
l.2 \chapter
            {\textbf{ Discussion and Summary} }\label{ch:Summary}
The control sequence at the end of the top line
of your error message was never \def'ed. If you have
misspelled it (e.g., `\hobx'), type `I' and the correct
spelling (e.g., `I\hbox'). Otherwise just continue,
and I'll forget about whatever was undefined.


! LaTeX Error: Missing \begin{document}.

See the LaTeX manual or LaTeX Companion for explanation.
Type  H <return>  for immediate help.
 ...                                              
                                                  
l.2 \chapter{\textbf{ Discussion and Summary}
                                              }\label{ch:Summary}
You're in trouble here.  Try typing  <return>  to proceed.
If that doesn't work, type  X <return>  to quit.


Overfull \hbox (20.0pt too wide) in paragraph at lines 2--3
[]
 []


Overfull \hbox (20.38321pt too wide) in paragraph at lines 2--3
\OT1/cmr/bx/n/10 Dis-
 []


Overfull \hbox (19.86932pt too wide) in paragraph at lines 2--3
\OT1/cmr/bx/n/10 cus-
 []


Overfull \hbox (19.86932pt too wide) in paragraph at lines 2--3
\OT1/cmr/bx/n/10 sion
 []


Overfull \hbox (18.36794pt too wide) in paragraph at lines 2--3
\OT1/cmr/bx/n/10 and
 []


Overfull \hbox (26.1943pt too wide) in paragraph at lines 2--3
\OT1/cmr/bx/n/10 Sum-
 []


Overfull \hbox (25.97902pt too wide) in paragraph at lines 2--3
\OT1/cmr/bx/n/10 mary
 []

! Undefined control sequence.
l.6 \section
            {Analysis}
The control sequence at the end of the top line
of your error message was never \def'ed. If you have
misspelled it (e.g., `\hobx'), type `I' and the correct
spelling (e.g., `I\hbox'). Otherwise just continue,
and I'll forget about whatever was undefined.


! LaTeX Error: Missing \begin{document}.

See the LaTeX manual or LaTeX Companion for explanation.
Type  H <return>  for immediate help.
 ...                                              
                                                  
l.6 \section{A
              nalysis}
You're in trouble here.  Try typing  <return>  to proceed.
If that doesn't work, type  X <return>  to quit.

Missing character: There is no A in font nullfont!
Missing character: There is no n in font nullfont!
Missing character: There is no a in font nullfont!
Missing character: There is no l in font nullfont!
Missing character: There is no y in font nullfont!
Missing character: There is no s in font nullfont!
Missing character: There is no i in font nullfont!
Missing character: There is no s in font nullfont!
! Undefined control sequence.
l.7 \section
            {AAA}
The control sequence at the end of the top line
of your error message was never \def'ed. If you have
misspelled it (e.g., `\hobx'), type `I' and the correct
spelling (e.g., `I\hbox'). Otherwise just continue,
and I'll forget about whatever was undefined.

Missing character: There is no A in font nullfont!
Missing character: There is no A in font nullfont!
Missing character: There is no A in font nullfont!
! Undefined control sequence.
l.8 \subsection
               {BBB}
The control sequence at the end of the top line
of your error message was never \def'ed. If you have
misspelled it (e.g., `\hobx'), type `I' and the correct
spelling (e.g., `I\hbox'). Otherwise just continue,
and I'll forget about whatever was undefined.

Missing character: There is no B in font nullfont!
Missing character: There is no B in font nullfont!
Missing character: There is no B in font nullfont!
)
! Emergency stop.
<*> Chapter04.tex
                 
*** (job aborted, no legal \end found)

 
Here is how much of TeX's memory you used:
 8 strings out of 493304
 166 string characters out of 6139871
 51880 words of memory out of 5000000
 3566 multiletter control sequences out of 15000+600000
 3948 words of font info for 15 fonts, out of 8000000 for 9000
 957 hyphenation exceptions out of 8191
 13i,1n,10p,93b,69s stack positions out of 5000i,500n,10000p,200000b,80000s
!  ==> Fatal error occurred, no output PDF file produced!
